
<Error> 
<title>
<rang>
CRITIC
</rang>
<Type>
4
</Type> 
<date>[2016.04.30] 08:01:31
</date>
<description>
 EROOR: 'syntax error, unexpected T_ELSE' in file 'C:\OpenServer\domains\testmasteke.leo\core\lib\ModulsRuner.php' on line: 67
</description>
</Error>
<Error> 
<title>
<rang>
CRITIC
</rang>
<Type>
1
</Type> 
<date>[2016.04.30] 08:17:55
</date>
<description>
 EROOR: 'Call to undefined method apannel::core()' in file 'C:\OpenServer\domains\testmasteke.leo\core\lib\CrEngine.php' on line: 55
</description>
</Error>
<Error> 
<title>
<rang>
CRITIC
</rang>
<Type>
1
</Type> 
<date>[2016.04.30] 08:17:55
</date>
<description>
 EROOR: 'Call to undefined method apannel::moduls()' in file 'C:\OpenServer\domains\testmasteke.leo\core\lib\CrEngine.php' on line: 55
</description>
</Error>
<Error> 
<title>
<rang>
CRITIC
</rang>
<Type>
1
</Type> 
<date>[2016.04.30] 10:30:46
</date>
<description>
 EROOR: 'Call to a member function setTplFile() on a non-object' in file 'C:\OpenServer\domains\testmasteke.leo\core\lib\CrEngine.php' on line: 35
</description>
</Error>
<Error> 
<title>
<rang>
CRITIC
</rang>
<Type>
1
</Type> 
<date>[2016.04.30] 10:46:20
</date>
<description>
 EROOR: 'Call to undefined method apannel::moduls()' in file 'C:\OpenServer\domains\testmasteke.leo\core\lib\CrEngine.php' on line: 55
</description>
</Error>
<Error> 
<title>
<rang>
CRITIC
</rang>
<Type>
1
</Type> 
<date>[2016.04.30] 10:48:08
</date>
<description>
 EROOR: 'Call to undefined method apannel::moduls()' in file 'C:\OpenServer\domains\testmasteke.leo\core\lib\CrEngine.php' on line: 55
</description>
</Error>